#
# There is insufficient memory for the Java Runtime Environment to continue.
# Native memory allocation (malloc) failed to allocate 125216 bytes for Chunk::new
# Possible reasons:
#   The system is out of physical RAM or swap space
#   In 32 bit mode, the process size limit was hit
# Possible solutions:
#   Reduce memory load on the system
#   Increase physical memory or swap space
#   Check if swap backing store is full
#   Use 64 bit Java on a 64 bit OS
#   Decrease Java heap size (-Xmx/-Xms)
#   Decrease number of Java threads
#   Decrease Java thread stack sizes (-Xss)
#   Set larger code cache with -XX:ReservedCodeCacheSize=
# This output file may be truncated or incomplete.
#
#  Out of Memory Error (allocation.cpp:390), pid=6648, tid=0x0000000000001ca0
#
# JRE version: Java(TM) SE Runtime Environment (8.0_111-b14) (build 1.8.0_111-b14)
# Java VM: Java HotSpot(TM) 64-Bit Server VM (25.111-b14 mixed mode windows-amd64 compressed oops)
# Failed to write core dump. Minidumps are not enabled by default on client versions of Windows
#

---------------  T H R E A D  ---------------

Current thread (0x0000000056370800):  JavaThread "C2 CompilerThread1" daemon [_thread_in_native, id=7328, stack(0x0000000057130000,0x0000000057230000)]

Stack: [0x0000000057130000,0x0000000057230000]
[error occurred during error reporting (printing stack bounds), id 0xc0000005]

Native frames: (J=compiled Java code, j=interpreted, Vv=VM code, C=native code)


Current CompileTask:
C2:9278733  359       4       sun.awt.image.PNGImageDecoder::filterRow (459 bytes)


---------------  P R O C E S S  ---------------

Java Threads: ( => current thread )
  0x0000000056365000 JavaThread "Image Fetcher 0" daemon [_thread_in_Java, id=6744, stack(0x0000000057f50000,0x0000000058050000)]
  0x0000000056364000 JavaThread "Timer-5" [_thread_blocked, id=6596, stack(0x0000000058dc0000,0x0000000058ec0000)]
  0x0000000056467000 JavaThread "Timer-4" [_thread_blocked, id=9856, stack(0x0000000059250000,0x0000000059350000)]
  0x0000000056466800 JavaThread "Timer-3" [_thread_blocked, id=6844, stack(0x0000000058360000,0x0000000058460000)]
  0x0000000057682000 JavaThread "Timer-2" [_thread_blocked, id=10704, stack(0x00000000590c0000,0x00000000591c0000)]
  0x000000005767e000 JavaThread "Timer-1" [_thread_blocked, id=3856, stack(0x0000000058f10000,0x0000000059010000)]
  0x0000000056736800 JavaThread "Timer-0" [_thread_blocked, id=5804, stack(0x00000000580f0000,0x00000000581f0000)]
  0x0000000056416800 JavaThread "AWT-EventQueue-0" [_thread_in_vm, id=4224, stack(0x0000000058230000,0x0000000058330000)]
  0x000000005662b000 JavaThread "AWT-Shutdown" [_thread_in_vm, id=124, stack(0x0000000057e40000,0x0000000057f40000)]
  0x00000000563a7000 JavaThread "TimerQueue" daemon [_thread_blocked, id=42112, stack(0x0000000058460000,0x0000000058560000)]
  0x00000000563c6000 JavaThread "AWT-Windows" daemon [_thread_in_native, id=55404, stack(0x0000000057380000,0x0000000057480000)]
  0x00000000563c4800 JavaThread "Java2D Disposer" daemon [_thread_blocked, id=72452, stack(0x0000000056a90000,0x0000000056b90000)]
  0x00000000563d3800 JavaThread "Service Thread" daemon [_thread_blocked, id=11096, stack(0x0000000057030000,0x0000000057130000)]
  0x00000000563b2800 JavaThread "C1 CompilerThread2" daemon [_thread_blocked, id=11244, stack(0x0000000057280000,0x0000000057380000)]
=>0x0000000056370800 JavaThread "C2 CompilerThread1" daemon [_thread_in_native, id=7328, stack(0x0000000057130000,0x0000000057230000)]
  0x000000005636f000 JavaThread "C2 CompilerThread0" daemon [_thread_blocked, id=10888, stack(0x0000000056c60000,0x0000000056d60000)]
  0x0000000054e6f000 JavaThread "JDWP Event Helper Thread" daemon [_thread_blocked, id=11332, stack(0x0000000056da0000,0x0000000056ea0000)]
  0x0000000056342000 JavaThread "Attach Listener" daemon [_thread_blocked, id=8660, stack(0x0000000056930000,0x0000000056a30000)]
  0x0000000056341000 JavaThread "Signal Dispatcher" daemon [_thread_blocked, id=8916, stack(0x00000000567f0000,0x00000000568f0000)]
  0x0000000054e49800 JavaThread "Finalizer" daemon [_thread_blocked, id=5844, stack(0x0000000056240000,0x0000000056340000)]
  0x0000000054e02000 JavaThread "Reference Handler" daemon [_thread_blocked, id=6440, stack(0x0000000056030000,0x0000000056130000)]
  0x000000000226f000 JavaThread "main" [_thread_in_Java, id=7656, stack(0x0000000002300000,0x0000000002400000)]

Other Threads:
  0x0000000054dfa800 VMThread [stack: 0x0000000055e70000,0x0000000055f70000] [id=8164]
  0x00000000563dc000 WatcherThread [stack: 0x00000000574d0000,0x00000000575d0000] [id=4512]

VM state:synchronizing (normal execution)

VM Mutex/Monitor currently owned by a thread:  ([mutex/lock_event])
[0x000000000226d720] Safepoint_lock - owner thread: 0x0000000054dfa800
[0x000000000226d7a0] Threads_lock - owner thread: 0x0000000054dfa800

Heap:
 PSYoungGen      total 18432K, used 11285K [0x00000000eb700000, 0x00000000ecb80000, 0x0000000100000000)
  eden space 15872K, 71% used [0x00000000eb700000,0x00000000ec205560,0x00000000ec680000)
  from space 2560K, 0% used [0x00000000ec900000,0x00000000ec900000,0x00000000ecb80000)
  to   space 2560K, 0% used [0x00000000ec680000,0x00000000ec680000,0x00000000ec900000)
 ParOldGen       total 42496K, used 0K [0x00000000c2400000, 0x00000000c4d80000, 0x00000000eb700000)
  object space 42496K, 0% used [0x00000000c2400000,0x00000000c2400000,0x00000000c4d80000)
 Metaspace       used 7489K, capacity 7680K, committed 7936K, reserved 1064960K
  class space    used 869K, capacity 962K, committed 1024K, reserved 1048576K

Card table byte_map: [0x0000000011a90000,0x0000000011c80000] byte_map_base: 0x000000001147e000

Marking Bits: (ParMarkBitMap*) 0x00000000724aa6c0
 Begin Bits: [0x00000000123a0000, 0x0000000013310000)
 End Bits:   [0x0000000013310000, 0x0000000014280000)

Polling page: 0x0000000000140000

CodeCache: size=245760Kb used=1810Kb max_used=1815Kb free=243949Kb
 bounds [0x00000000026d0000, 0x0000000002940000, 0x00000000116d0000]
 total_blobs=725 nmethods=358 adapters=288
 compilation: enabled

Compilation events (10 events):
Event: 9273.193 Thread 0x000000005636f000 nmethod 354 0x00000000028939d0 code [0x0000000002893b00, 0x0000000002893bf8]
Event: 9275.229 Thread 0x00000000563b2800  355       3       java.util.AbstractSet::<init> (5 bytes)
Event: 9275.230 Thread 0x00000000563b2800 nmethod 355 0x0000000002893550 code [0x00000000028936c0, 0x00000000028938d0]
Event: 9275.676 Thread 0x00000000563b2800  356       3       java.nio.Buffer::position (43 bytes)
Event: 9275.682 Thread 0x00000000563b2800 nmethod 356 0x0000000002893010 code [0x0000000002893180, 0x0000000002893448]
Event: 9275.682 Thread 0x00000000563b2800  357       3       java.nio.ByteBuffer::arrayOffset (35 bytes)
Event: 9275.683 Thread 0x00000000563b2800 nmethod 357 0x0000000002894fd0 code [0x0000000002895160, 0x0000000002895498]
Event: 9275.683 Thread 0x00000000563b2800  358       3       java.nio.CharBuffer::arrayOffset (35 bytes)
Event: 9275.683 Thread 0x00000000563b2800 nmethod 358 0x0000000002894990 code [0x0000000002894b20, 0x0000000002894e58]
Event: 9276.204 Thread 0x0000000056370800  359       4       sun.awt.image.PNGImageDecoder::filterRow (459 bytes)

GC Heap History (0 events):
No events

Deoptimization events (0 events):
No events

Internal exceptions (10 events):
Event: 9275.680 Thread 0x0000000056416800 Exception <a 'java/io/IOException'> (0x00000000ebefd468) thrown at [C:\re\workspace\8-2-build-windows-amd64-cygwin\jdk8u111\7883\hotspot\src\share\vm\prims\jni.cpp, line 709]
Event: 9275.680 Thread 0x0000000056416800 Exception <a 'java/io/IOException'> (0x00000000ebefdbb0) thrown at [C:\re\workspace\8-2-build-windows-amd64-cygwin\jdk8u111\7883\hotspot\src\share\vm\prims\jni.cpp, line 709]
Event: 9275.680 Thread 0x0000000056416800 Exception <a 'java/io/IOException'> (0x00000000ebefde48) thrown at [C:\re\workspace\8-2-build-windows-amd64-cygwin\jdk8u111\7883\hotspot\src\share\vm\prims\jni.cpp, line 709]
Event: 9275.681 Thread 0x0000000056416800 Exception <a 'java/io/IOException'> (0x00000000ebefe0b0) thrown at [C:\re\workspace\8-2-build-windows-amd64-cygwin\jdk8u111\7883\hotspot\src\share\vm\prims\jni.cpp, line 709]
Event: 9275.681 Thread 0x0000000056416800 Exception <a 'java/io/IOException'> (0x00000000ebefe7e0) thrown at [C:\re\workspace\8-2-build-windows-amd64-cygwin\jdk8u111\7883\hotspot\src\share\vm\prims\jni.cpp, line 709]
Event: 9275.681 Thread 0x0000000056416800 Exception <a 'java/io/IOException'> (0x00000000ebefea78) thrown at [C:\re\workspace\8-2-build-windows-amd64-cygwin\jdk8u111\7883\hotspot\src\share\vm\prims\jni.cpp, line 709]
Event: 9275.681 Thread 0x0000000056416800 Exception <a 'java/io/IOException'> (0x00000000ebefece0) thrown at [C:\re\workspace\8-2-build-windows-amd64-cygwin\jdk8u111\7883\hotspot\src\share\vm\prims\jni.cpp, line 709]
Event: 9275.681 Thread 0x0000000056416800 Exception <a 'java/io/IOException'> (0x00000000ebeff3f8) thrown at [C:\re\workspace\8-2-build-windows-amd64-cygwin\jdk8u111\7883\hotspot\src\share\vm\prims\jni.cpp, line 709]
Event: 9275.681 Thread 0x0000000056416800 Exception <a 'java/io/IOException'> (0x00000000ebeff690) thrown at [C:\re\workspace\8-2-build-windows-amd64-cygwin\jdk8u111\7883\hotspot\src\share\vm\prims\jni.cpp, line 709]
Event: 9275.681 Thread 0x0000000056416800 Exception <a 'java/io/IOException'> (0x00000000ebeff8f8) thrown at [C:\re\workspace\8-2-build-windows-amd64-cygwin\jdk8u111\7883\hotspot\src\share\vm\prims\jni.cpp, line 709]

Events (10 events):
Event: 9276.200 Executing VM operation: RevokeBias done
Event: 9276.202 Thread 0x0000000056365000 Thread added: 0x0000000056365000
Event: 9276.202 Executing VM operation: RevokeBias
Event: 9276.202 Executing VM operation: RevokeBias done
Event: 9276.202 Executing VM operation: RevokeBias
Event: 9276.202 Executing VM operation: RevokeBias done
Event: 9276.202 Executing VM operation: RevokeBias
Event: 9276.202 Executing VM operation: RevokeBias done
Event: 9276.204 Thread 0x0000000056365000 DEOPT PACKING pc=0x0000000002869229 sp=0x000000005804eeb0
Event: 9276.205 Thread 0x0000000056365000 DEOPT UNPACKING pc=0x000000000271787f sp=0x000000005804ebe8 mode 0


Dynamic libraries:
0x000000013f330000 - 0x000000013f367000 	C:\Program Files\Java\jdk1.8.0_111\bin\java.exe
0x0000000077b60000 - 0x0000000077cff000 	C:\Windows\SYSTEM32\ntdll.dll
0x0000000077940000 - 0x0000000077a5f000 	C:\Windows\system32\kernel32.dll
0x000007fefda00000 - 0x000007fefda67000 	C:\Windows\system32\KERNELBASE.dll
0x000007fefe3d0000 - 0x000007fefe4ab000 	C:\Windows\system32\ADVAPI32.dll
0x000007fefddf0000 - 0x000007fefde8f000 	C:\Windows\system32\msvcrt.dll
0x000007fefeb60000 - 0x000007fefeb7f000 	C:\Windows\SYSTEM32\sechost.dll
0x000007fefe2a0000 - 0x000007fefe3cc000 	C:\Windows\system32\RPCRT4.dll
0x0000000077a60000 - 0x0000000077b5a000 	C:\Windows\system32\USER32.dll
0x000007feff930000 - 0x000007feff997000 	C:\Windows\system32\GDI32.dll
0x000007fefda80000 - 0x000007fefda8e000 	C:\Windows\system32\LPK.dll
0x000007fefe8c0000 - 0x000007fefe98b000 	C:\Windows\system32\USP10.dll
0x000007fefbd40000 - 0x000007fefbf35000 	C:\Windows\WinSxS\amd64_microsoft.windows.common-controls_6595b64144ccf1df_6.0.7601.24483_none_e372d88f30fbb845\COMCTL32.dll
0x000007fefea40000 - 0x000007fefeab1000 	C:\Windows\system32\SHLWAPI.dll
0x000007fefe4b0000 - 0x000007fefe4de000 	C:\Windows\system32\IMM32.DLL
0x000007fefe4e0000 - 0x000007fefe5eb000 	C:\Windows\system32\MSCTF.dll
0x0000000074e60000 - 0x0000000074f32000 	C:\Program Files\Java\jdk1.8.0_111\jre\bin\msvcr100.dll
0x0000000071c90000 - 0x000000007252a000 	C:\Program Files\Java\jdk1.8.0_111\jre\bin\server\jvm.dll
0x000007fef7340000 - 0x000007fef7349000 	C:\Windows\system32\WSOCK32.dll
0x000007fefe9f0000 - 0x000007fefea3d000 	C:\Windows\system32\WS2_32.dll
0x000007fefda70000 - 0x000007fefda78000 	C:\Windows\system32\NSI.dll
0x000007fefb5b0000 - 0x000007fefb5eb000 	C:\Windows\system32\WINMM.dll
0x000007fefc790000 - 0x000007fefc79c000 	C:\Windows\system32\VERSION.dll
0x0000000077d10000 - 0x0000000077d17000 	C:\Windows\system32\PSAPI.DLL
0x00000000752d0000 - 0x00000000752df000 	C:\Program Files\Java\jdk1.8.0_111\jre\bin\verify.dll
0x0000000075270000 - 0x0000000075299000 	C:\Program Files\Java\jdk1.8.0_111\jre\bin\java.dll
0x0000000072ce0000 - 0x0000000072d15000 	C:\Program Files\Java\jdk1.8.0_111\jre\bin\jdwp.dll
0x00000000750b0000 - 0x00000000750b8000 	C:\Program Files\Java\jdk1.8.0_111\jre\bin\npt.dll
0x00000000751a0000 - 0x00000000751b6000 	C:\Program Files\Java\jdk1.8.0_111\jre\bin\zip.dll
0x000007fefeb80000 - 0x000007feff90b000 	C:\Windows\system32\SHELL32.dll
0x000007fefdbf0000 - 0x000007fefddef000 	C:\Windows\system32\ole32.dll
0x000007fefd6b0000 - 0x000007fefd6bf000 	C:\Windows\system32\profapi.dll
0x0000000075260000 - 0x000000007526b000 	C:\Program Files\Java\jdk1.8.0_111\jre\bin\dt_shmem.dll
0x0000000074cc0000 - 0x0000000074e58000 	C:\Program Files\Java\jdk1.8.0_111\jre\bin\awt.dll
0x000007fefda90000 - 0x000007fefdb6b000 	C:\Windows\system32\OLEAUT32.dll
0x000007fefb100000 - 0x000007fefb118000 	C:\Windows\system32\DWMAPI.DLL
0x000007fefbbc0000 - 0x000007fefbc16000 	C:\Windows\system32\uxtheme.dll
0x000007fefd510000 - 0x000007fefd51f000 	C:\Windows\system32\CRYPTBASE.dll
0x0000000072bf0000 - 0x0000000072c21000 	C:\Program Files\Java\jdk1.8.0_111\jre\bin\jpeg.dll

VM Arguments:
jvm_args: -Xdebug -Xrunjdwp:transport=dt_shmem,address=javadebug6162 -Dfile.encoding=UTF-8 
java_command: jogo.Game
java_class_path (initial): C:\Users\CONTROLLER\Documents\Star of Tomorrow - Final Version 9\build\classes
Launcher Type: SUN_STANDARD

Environment Variables:
PATH=C:\ProgramData\Oracle\Java\javapath;C:\Windows\system32;C:\Windows;C:\Windows\System32\Wbem;C:\Windows\System32\WindowsPowerShell\v1.0\;C:\Program Files\SafeNet\Authentication\SAC\x64;C:\Program Files\SafeNet\Authentication\SAC\x32
USERNAME=CONTROLLER
OS=Windows_NT
PROCESSOR_IDENTIFIER=Intel64 Family 6 Model 42 Stepping 7, GenuineIntel



---------------  S Y S T E M  ---------------

OS: Windows 7 , 64 bit Build 7601 (6.1.7601.24520)

CPU:total 4 (2 cores per cpu, 2 threads per core) family 6 model 42 stepping 7, cmov, cx8, fxsr, mmx, sse, sse2, sse3, ssse3, sse4.1, sse4.2, popcnt, avx, aes, clmul, ht, tsc, tscinvbit

Memory: 4k page, physical 4042608k(178520k free), swap 16168532k(27472k free)

vm_info: Java HotSpot(TM) 64-Bit Server VM (25.111-b14) for windows-amd64 JRE (1.8.0_111-b14), built on Sep 22 2016 19:24:05 by "java_re" with MS VC++ 10.0 (VS2010)

time: Sun Sep 29 14:02:39 2019
elapsed time: 9279 seconds (0d 2h 34m 39s)

